<?xml version="1.0" encoding="UTF-8"?>
<!-- Generated by org.testng.reporters.JUnitXMLReporter -->
<testsuite ignored="0" hostname="Batman" failures="0" tests="3" name="LoginValidation" time="49.881" errors="0" timestamp="2024-06-22T10:22:10 IST">
  <testcase classname="automationSuite.TestCases.CreateNewAccountUser" name="CreateAccount" time="7.749"/>
  <testcase classname="automationSuite.TestCases.CreateNewAccountUser" name="CreateAccount" time="6.702"/>
  <testcase classname="automationSuite.TestCases.CreateNewAccountUser" name="CreateAccount" time="7.183"/>
</testsuite> <!-- LoginValidation -->
