<?xml version="1.0" encoding="UTF-8"?>
<!-- Generated by org.testng.reporters.JUnitXMLReporter -->
<testsuite ignored="0" hostname="Batman" failures="0" tests="3" name="ExistingUser" time="140.374" errors="0" timestamp="2024-07-02T23:06:37 IST">
  <testcase classname="automationSuite.TestCases.OrderProduct_existing_user" name="Purchase" time="37.546"/>
  <testcase classname="automationSuite.TestCases.OrderProduct_existing_user" name="Purchase" time="37.521"/>
  <testcase classname="automationSuite.TestCases.OrderProduct_existing_user" name="Purchase" time="35.582"/>
</testsuite> <!-- ExistingUser -->
