<?xml version="1.0" encoding="UTF-8"?>
<!-- Generated by org.testng.reporters.JUnitXMLReporter -->
<testsuite ignored="0" hostname="Batman" failures="0" tests="3" name="ExistingUser" time="185.445" errors="0" timestamp="2024-06-22T13:29:06 IST">
  <testcase classname="automationSuite.TestCases.OrderProduct_existing_user" name="Purchase" time="47.673"/>
  <testcase classname="automationSuite.TestCases.OrderProduct_existing_user" name="Purchase" time="36.799"/>
  <testcase classname="automationSuite.TestCases.OrderProduct_existing_user" name="Purchase" time="48.747"/>
</testsuite> <!-- ExistingUser -->
