<?xml version="1.0" encoding="UTF-8"?>
<!-- Generated by org.testng.reporters.JUnitXMLReporter -->
<testsuite ignored="0" hostname="Batman" failures="0" tests="3" name="Default test" time="77.541" errors="0" timestamp="2024-06-25T08:04:23 IST">
  <testcase classname="automationSuite.TestCases.LoginUser" name="Login" time="5.042"/>
  <testcase classname="automationSuite.TestCases.LoginUser" name="Login" time="3.967"/>
  <testcase classname="automationSuite.TestCases.LoginUser" name="Login" time="3.936"/>
</testsuite> <!-- Default test -->
