<?xml version="1.0" encoding="UTF-8"?>
<!-- Generated by org.testng.reporters.JUnitXMLReporter -->
<testsuite ignored="0" hostname="Batman" failures="0" tests="3" name="AccountCreation" time="43.288" errors="0" timestamp="2024-06-20T07:35:26 IST">
  <testcase classname="automation_suite.Luma.Account_Creation" name="createAccount" time="13.534"/>
  <testcase classname="automation_suite.Luma.Account_Creation" name="createAccount" time="12.13"/>
  <testcase classname="automation_suite.Luma.Account_Creation" name="createAccount" time="11.193"/>
</testsuite> <!-- AccountCreation -->
