<?xml version="1.0" encoding="UTF-8"?>
<!-- Generated by org.testng.reporters.JUnitXMLReporter -->
<testsuite ignored="0" hostname="Batman" failures="0" tests="3" name="LoginValidation" time="71.519" errors="0" timestamp="2024-06-22T13:25:20 IST">
  <testcase classname="automationSuite.TestCases.CreateNewAccountUser" name="CreateAccount" time="16.49"/>
  <testcase classname="automationSuite.TestCases.CreateNewAccountUser" name="CreateAccount" time="7.743"/>
  <testcase classname="automationSuite.TestCases.CreateNewAccountUser" name="CreateAccount" time="10.5"/>
</testsuite> <!-- LoginValidation -->
