<?xml version="1.0" encoding="UTF-8"?>
<!-- Generated by org.testng.reporters.JUnitXMLReporter -->
<testsuite ignored="0" hostname="Batman" failures="0" tests="3" name="NegativeTest" time="41.626" errors="0" timestamp="2024-06-20T07:59:41 IST">
  <testcase classname="automation_suite.Luma.NagativeValidation" name="LoginPage" time="10.536"/>
  <testcase classname="automation_suite.Luma.NagativeValidation" name="LoginPage" time="10.152"/>
  <testcase classname="automation_suite.Luma.NagativeValidation" name="LoginPage" time="11.229"/>
</testsuite> <!-- NegativeTest -->
