<?xml version="1.0" encoding="UTF-8"?>
<!-- Generated by org.testng.reporters.JUnitXMLReporter -->
<testsuite ignored="0" hostname="Batman" failures="0" tests="3" name="OrangeHRM Login" time="201.405" errors="0" timestamp="2024-06-22T13:28:41 IST">
  <testcase classname="automationSuite.TestCases.OrderProduct_NewAccount" name="Validation" time="45.738"/>
  <testcase classname="automationSuite.TestCases.OrderProduct_NewAccount" name="Validation" time="57.582"/>
  <testcase classname="automationSuite.TestCases.OrderProduct_NewAccount" name="Validation" time="53.741"/>
</testsuite> <!-- OrangeHRM Login -->
