<?xml version="1.0" encoding="UTF-8"?>
<!-- Generated by org.testng.reporters.JUnitXMLReporter -->
<testsuite ignored="0" hostname="Batman" failures="2" tests="2" name="Log off test(failed)" time="28.568" errors="0" timestamp="2024-06-16T22:58:21 IST">
  <testcase classname="automationSuite.TestCases.LogoffUser" name="LogoffTest" time="5.869">
    <failure type="java.lang.AssertionError" message="expected [Welcome, Tushar Chaudhary!] but found [Support This Project]">
      <![CDATA[java.lang.AssertionError: expected [Welcome, Tushar Chaudhary!] but found [Support This Project]
at automationSuite.TestCases.LogoffUser.LogoffTest(LogoffUser.java:25)
at java.base/java.util.ArrayList.forEach(ArrayList.java:1511)
... Removed 31 stack frames]]>
    </failure>
  </testcase> <!-- LogoffTest -->
  <testcase classname="automationSuite.TestCases.LogoffUser" name="LogoffTest" time="8.933">
    <failure type="java.lang.AssertionError" message="expected [Welcome, Txishar Chaudhary!] but found [Support This Project]">
      <![CDATA[java.lang.AssertionError: expected [Welcome, Txishar Chaudhary!] but found [Support This Project]
at automationSuite.TestCases.LogoffUser.LogoffTest(LogoffUser.java:25)
at java.base/java.util.ArrayList.forEach(ArrayList.java:1511)
... Removed 31 stack frames]]>
    </failure>
  </testcase> <!-- LogoffTest -->
</testsuite> <!-- Log off test(failed) -->
