<?xml version="1.0" encoding="UTF-8"?>
<!-- Generated by org.testng.reporters.JUnitXMLReporter -->
<testsuite ignored="0" hostname="Batman" failures="0" tests="2" name="Negative Validation(failed)" time="22.677" errors="0" timestamp="2024-06-16T22:58:43 IST">
  <testcase classname="automationSuite.TestCases.NegativeValidations" name="NegativeTest" time="3.889"/>
  <testcase classname="automationSuite.TestCases.NegativeValidations" name="NegativeTest" time="3.753"/>
</testsuite> <!-- Negative Validation(failed) -->
