<?xml version="1.0" encoding="UTF-8"?>
<testng-results ignored="0" total="3" passed="3" failed="0" skipped="0">
  <reporter-output>
  </reporter-output>
  <suite started-at="2024-07-02T23:04:16 IST" name="E2E Testing" finished-at="2024-07-02T23:06:36 IST" duration-ms="140374">
    <groups>
    </groups>
    <test started-at="2024-07-02T23:04:16 IST" name="ExistingUser" finished-at="2024-07-02T23:06:36 IST" duration-ms="140374">
      <class name="automationSuite.TestCases.OrderProduct_existing_user">
        <test-method is-config="true" signature="StartExecution()[pri:0, instance:automationSuite.TestCases.OrderProduct_existing_user@294a6b8e]" started-at="2024-07-02T23:04:16 IST" name="StartExecution" finished-at="2024-07-02T23:04:30 IST" duration-ms="13248" status="PASS">
          <reporter-output>
          </reporter-output>
        </test-method> <!-- StartExecution -->
        <test-method signature="Purchase(java.util.HashMap)[pri:0, instance:automationSuite.TestCases.OrderProduct_existing_user@294a6b8e]" started-at="2024-07-02T23:04:30 IST" name="Purchase" description="Order Product using Existing Account" data-provider="data" finished-at="2024-07-02T23:05:07 IST" duration-ms="37546" status="PASS">
          <params>
            <param index="0">
              <value>
                <![CDATA[{password=Tushar1234, product=Montana Wind Jacket, size=M, Color=Green, Gender=Men, category=Jackets, email=AjayKumar@gmail.com}]]>
              </value>
            </param>
          </params>
          <reporter-output>
          </reporter-output>
        </test-method> <!-- Purchase -->
        <test-method is-config="true" signature="close()[pri:0, instance:automationSuite.TestCases.OrderProduct_existing_user@294a6b8e]" started-at="2024-07-02T23:05:07 IST" name="close" finished-at="2024-07-02T23:05:08 IST" duration-ms="552" status="PASS">
          <reporter-output>
          </reporter-output>
        </test-method> <!-- close -->
        <test-method is-config="true" signature="StartExecution()[pri:0, instance:automationSuite.TestCases.OrderProduct_existing_user@294a6b8e]" started-at="2024-07-02T23:05:08 IST" name="StartExecution" finished-at="2024-07-02T23:05:15 IST" duration-ms="7282" status="PASS">
          <reporter-output>
          </reporter-output>
        </test-method> <!-- StartExecution -->
        <test-method signature="Purchase(java.util.HashMap)[pri:0, instance:automationSuite.TestCases.OrderProduct_existing_user@294a6b8e]" started-at="2024-07-02T23:05:15 IST" name="Purchase" description="Order Product using Existing Account" data-provider="data" finished-at="2024-07-02T23:05:53 IST" duration-ms="37521" status="PASS">
          <params>
            <param index="0">
              <value>
                <![CDATA[{password=Shraiya1234, product=Hollister Backyard Sweatshirt, size=M, Color=Green, Gender=Men, category=Hoodies & Sweatshirts, email=sh5639@gmail.com}]]>
              </value>
            </param>
          </params>
          <reporter-output>
          </reporter-output>
        </test-method> <!-- Purchase -->
        <test-method is-config="true" signature="close()[pri:0, instance:automationSuite.TestCases.OrderProduct_existing_user@294a6b8e]" started-at="2024-07-02T23:05:53 IST" name="close" finished-at="2024-07-02T23:05:53 IST" duration-ms="459" status="PASS">
          <reporter-output>
          </reporter-output>
        </test-method> <!-- close -->
        <test-method is-config="true" signature="StartExecution()[pri:0, instance:automationSuite.TestCases.OrderProduct_existing_user@294a6b8e]" started-at="2024-07-02T23:05:53 IST" name="StartExecution" finished-at="2024-07-02T23:06:00 IST" duration-ms="6744" status="PASS">
          <reporter-output>
          </reporter-output>
        </test-method> <!-- StartExecution -->
        <test-method signature="Purchase(java.util.HashMap)[pri:0, instance:automationSuite.TestCases.OrderProduct_existing_user@294a6b8e]" started-at="2024-07-02T23:06:00 IST" name="Purchase" description="Order Product using Existing Account" data-provider="data" finished-at="2024-07-02T23:06:36 IST" duration-ms="35582" status="PASS">
          <params>
            <param index="0">
              <value>
                <![CDATA[{password=Naurkir@1234, product=Rapha Sports Short, size=34, Color=Black, Gender=Men, category=Shorts, email=NiharSingh@gmail.com}]]>
              </value>
            </param>
          </params>
          <reporter-output>
          </reporter-output>
        </test-method> <!-- Purchase -->
        <test-method is-config="true" signature="close()[pri:0, instance:automationSuite.TestCases.OrderProduct_existing_user@294a6b8e]" started-at="2024-07-02T23:06:36 IST" name="close" finished-at="2024-07-02T23:06:36 IST" duration-ms="471" status="PASS">
          <reporter-output>
          </reporter-output>
        </test-method> <!-- close -->
      </class> <!-- automationSuite.TestCases.OrderProduct_existing_user -->
    </test> <!-- ExistingUser -->
  </suite> <!-- E2E Testing -->
</testng-results>
