<?xml version="1.0" encoding="UTF-8"?>
<testng-results ignored="0" total="3" passed="3" failed="0" skipped="0">
  <reporter-output>
  </reporter-output>
  <suite started-at="2024-06-25T08:03:06 IST" name="Default suite" finished-at="2024-06-25T08:04:23 IST" duration-ms="77541">
    <groups>
    </groups>
    <test started-at="2024-06-25T08:03:06 IST" name="Default test" finished-at="2024-06-25T08:04:23 IST" duration-ms="77541">
      <class name="automationSuite.TestCases.LoginUser">
        <test-method is-config="true" signature="StartExecution()[pri:0, instance:automationSuite.TestCases.LoginUser@2438dcd]" started-at="2024-06-25T08:03:06 IST" name="StartExecution" finished-at="2024-06-25T08:03:39 IST" duration-ms="32845" status="PASS">
          <reporter-output>
          </reporter-output>
        </test-method> <!-- StartExecution -->
        <test-method signature="Login(java.util.HashMap)[pri:0, instance:automationSuite.TestCases.LoginUser@2438dcd]" started-at="2024-06-25T08:03:40 IST" name="Login" description="Test to validate Login Functionality" data-provider="User Validations" finished-at="2024-06-25T08:03:45 IST" duration-ms="5042" status="PASS">
          <params>
            <param index="0">
              <value>
                <![CDATA[{name=Kanhaiya, re-type_password=Tushar1234, password=Tushar1234, email=JethaLal@gmail.com, lastname=Kumar}]]>
              </value>
            </param>
          </params>
          <reporter-output>
          </reporter-output>
        </test-method> <!-- Login -->
        <test-method is-config="true" signature="close()[pri:0, instance:automationSuite.TestCases.LoginUser@2438dcd]" started-at="2024-06-25T08:03:45 IST" name="close" finished-at="2024-06-25T08:03:45 IST" duration-ms="771" status="PASS">
          <reporter-output>
          </reporter-output>
        </test-method> <!-- close -->
        <test-method is-config="true" signature="StartExecution()[pri:0, instance:automationSuite.TestCases.LoginUser@2438dcd]" started-at="2024-06-25T08:03:45 IST" name="StartExecution" finished-at="2024-06-25T08:04:00 IST" duration-ms="14297" status="PASS">
          <reporter-output>
          </reporter-output>
        </test-method> <!-- StartExecution -->
        <test-method signature="Login(java.util.HashMap)[pri:0, instance:automationSuite.TestCases.LoginUser@2438dcd]" started-at="2024-06-25T08:04:00 IST" name="Login" description="Test to validate Login Functionality" data-provider="User Validations" finished-at="2024-06-25T08:04:04 IST" duration-ms="3967" status="PASS">
          <params>
            <param index="0">
              <value>
                <![CDATA[{name=Jahannum, re-type_password=Tushar1234, password=Tushar1234, email=ChampakLal@gmail.com, lastname=Bhide}]]>
              </value>
            </param>
          </params>
          <reporter-output>
          </reporter-output>
        </test-method> <!-- Login -->
        <test-method is-config="true" signature="close()[pri:0, instance:automationSuite.TestCases.LoginUser@2438dcd]" started-at="2024-06-25T08:04:04 IST" name="close" finished-at="2024-06-25T08:04:05 IST" duration-ms="1104" status="PASS">
          <reporter-output>
          </reporter-output>
        </test-method> <!-- close -->
        <test-method is-config="true" signature="StartExecution()[pri:0, instance:automationSuite.TestCases.LoginUser@2438dcd]" started-at="2024-06-25T08:04:05 IST" name="StartExecution" finished-at="2024-06-25T08:04:19 IST" duration-ms="13665" status="PASS">
          <reporter-output>
          </reporter-output>
        </test-method> <!-- StartExecution -->
        <test-method signature="Login(java.util.HashMap)[pri:0, instance:automationSuite.TestCases.LoginUser@2438dcd]" started-at="2024-06-25T08:04:19 IST" name="Login" description="Test to validate Login Functionality" data-provider="User Validations" finished-at="2024-06-25T08:04:23 IST" duration-ms="3936" status="PASS">
          <params>
            <param index="0">
              <value>
                <![CDATA[{name=AEZANKMI, re-type_password=Naurkir@1234, password=Tushar1234, email=DayaBen@gmail.com, lastname=Chaudhary}]]>
              </value>
            </param>
          </params>
          <reporter-output>
          </reporter-output>
        </test-method> <!-- Login -->
        <test-method is-config="true" signature="close()[pri:0, instance:automationSuite.TestCases.LoginUser@2438dcd]" started-at="2024-06-25T08:04:23 IST" name="close" finished-at="2024-06-25T08:04:23 IST" duration-ms="601" status="PASS">
          <reporter-output>
          </reporter-output>
        </test-method> <!-- close -->
      </class> <!-- automationSuite.TestCases.LoginUser -->
    </test> <!-- Default test -->
  </suite> <!-- Default suite -->
</testng-results>
