<?xml version="1.0" encoding="UTF-8"?>
<!-- Generated by org.testng.reporters.JUnitXMLReporter -->
<testsuite ignored="0" hostname="Batman" failures="0" tests="3" name="ExistingUser" time="201.809" errors="0" timestamp="2024-06-22T13:21:36 IST">
  <testcase classname="automationSuite.TestCases.OrderProduct_existing_user" name="Purchase" time="69.732"/>
  <testcase classname="automationSuite.TestCases.OrderProduct_existing_user" name="Purchase" time="49.806"/>
  <testcase classname="automationSuite.TestCases.OrderProduct_existing_user" name="Purchase" time="33.021"/>
</testsuite> <!-- ExistingUser -->
