<?xml version="1.0" encoding="UTF-8"?>
<!-- Generated by org.testng.reporters.JUnitXMLReporter -->
<testsuite ignored="0" hostname="Batman" failures="0" tests="3" name="LoginValidation" time="54.503" errors="0" timestamp="2024-06-15T12:39:00 IST">
  <testcase classname="automation_suite.Luma.Login_page" name="LoginPage" time="15.932"/>
  <testcase classname="automation_suite.Luma.Login_page" name="LoginPage" time="14.094"/>
  <testcase classname="automation_suite.Luma.Login_page" name="LoginPage" time="15.785"/>
</testsuite> <!-- LoginValidation -->
