<?xml version="1.0" encoding="UTF-8"?>
<!-- Generated by org.testng.reporters.JUnitXMLReporter -->
<testsuite ignored="0" hostname="Batman" failures="0" tests="3" name="Luma Login" time="89.066" errors="0" timestamp="2024-06-21T01:00:27 IST">
  <testcase classname="automationSuite.TestCases.LoginUser" name="Login" time="5.269"/>
  <testcase classname="automationSuite.TestCases.LoginUser" name="Login" time="24.832"/>
  <testcase classname="automationSuite.TestCases.LoginUser" name="Login" time="25.056"/>
</testsuite> <!-- Luma Login -->
