<?xml version="1.0" encoding="UTF-8"?>
<!-- Generated by org.testng.reporters.JUnitXMLReporter -->
<testsuite ignored="0" hostname="Batman" failures="0" tests="3" name="Luma Login" time="47.44" errors="0" timestamp="2024-06-22T12:57:16 IST">
  <testcase classname="automationSuite.TestCases.LoginUser" name="Login" time="3.878"/>
  <testcase classname="automationSuite.TestCases.LoginUser" name="Login" time="5.552"/>
  <testcase classname="automationSuite.TestCases.LoginUser" name="Login" time="6.116"/>
</testsuite> <!-- Luma Login -->
