<?xml version="1.0" encoding="UTF-8"?>
<!-- Generated by org.testng.reporters.JUnitXMLReporter -->
<testsuite ignored="0" hostname="Batman" failures="0" tests="3" name="Negative Validation" time="55.661" errors="0" timestamp="2024-06-22T12:59:40 IST">
  <testcase classname="automationSuite.TestCases.NegativeValidations" name="NegativeTest" time="4.214"/>
  <testcase classname="automationSuite.TestCases.NegativeValidations" name="NegativeTest" time="9.41"/>
  <testcase classname="automationSuite.TestCases.NegativeValidations" name="NegativeTest" time="6.149"/>
</testsuite> <!-- Negative Validation -->
